Input file size is 19, 22
0...10...20...30...40...50...60...70...80...90...100 - done.
Segment: begining
Segment: after ipwenter
Segment: Checking neighbours
Segment: checking other arguments
Using uropen ...
Our header file from command *../testsmall.bsq.ipw*
Our new header file  *../testsmall.bsq*
---- gdal_translate -of ENVI -ot Byte -scale -co INTERLEAVE=BIP -co SUFFIX=ADD ../testsmall.bsq temp_bip
Conversion of bsq to bip: error code=0 
Header Bip file openned correctly!
Read metadata! zz
line 0: band_names={ROI Resize (Band 1:test.bsq),ROI Resize (Band 2:test.bsq),ROI Resize (Band 3:test.bsq),ROI Resize (Band 4:test.bsq)}
line 1: bands=4
line 2: byte_order=0
line 3: coordinate_system_string={PROJCS["WGS_1984_UTM_Zone_36N",GEOGCS["GCS_WGS_1984",DATUM["D_WGS_1984",SPHEROID["WGS_1984",637813..0,298.252223563]],PRIMEM["Greenwich",0.0],UNIT["Degree",0.017453292519943295]],PROJECTION["Transverse_Mercator"],PARAMETER["false_easting",50000.00],PARAMETER["false_northing",0.0],PARAMETER["central_meridian",3.00],PARAMETER["scale_factor",0.9996],PARAMETER["latitude_of_origin",0.0],UNIT["Meter",1]]}
line 4: data_type=1
line 5: description={temp_bip}
line 6: file_type=ENVI Standard
line 7: header_offset=0
line 8: interleave=bip
line 9: lines=22
line 10: map_info={Transverse Mercator, 1, 1, 636567, 6362970.5, 0.5, 0.5,WGS-84}
line 11: projection_info={3, 637813, 635674.4979215225, 0, 3, 50000, 0, 0.9996,WGS-84, Transverse Mercator}
line 12: samples=19
End of header_read function.
