Input image has 4 bands, 3000 samples, and 3000 lines
The segmentation tolerance is 10.000000
The merge coefficient is 0.100000

Completed the calculation of pixel nearest neighbors
Initial pass over image completed
7743657 of a possible 9000000 regions are required

Predicted maximum memory usage in data segment:
	neighbor set:	20000
	image bands:	54036000
	region list:	278771724

Creating region list
Region list created

About to perform first general pass over region list

Pass 1 completed
Tolerance for pass was 1.049, (Tg = 10.000)
7308192 regions remain after this pass
The minimum nearest neighbor distance on this pass was 0.000
The largest region generated on this pass contained 4 pixels
Merges:	attempted=7310780
	nnbr_gone=376290
	wrong_partner=22837
	nnbr_d2_big=6476188
	both_viable=0
	npix_big=0
	merging=435465
Wrote log band for pass 1


Garbage collecting region list
Compacted region list contains 7308192 regions

Pass 2 completed
Tolerance for pass was 1.449, (Tg = 10.000)
6874621 regions remain after this pass
The minimum nearest neighbor distance on this pass was 0.000
The largest region generated on this pass contained 8 pixels
Merges:	attempted=6877232
	nnbr_gone=426123
	wrong_partner=28841
	nnbr_d2_big=5988697
	both_viable=0
	npix_big=0
	merging=433571
Wrote log band for pass 2


Garbage collecting region list
Compacted region list contains 6874621 regions

Pass 3 completed
Tolerance for pass was 1.761, (Tg = 10.000)
6473420 regions remain after this pass
The minimum nearest neighbor distance on this pass was 0.000
The largest region generated on this pass contained 13 pixels
Merges:	attempted=6474661
	nnbr_gone=437056
	wrong_partner=45232
	nnbr_d2_big=5591172
	both_viable=0
	npix_big=0
	merging=401201
Wrote log band for pass 3


Garbage collecting region list
Compacted region list contains 6473420 regions

Pass 4 completed
Tolerance for pass was 2.025, (Tg = 10.000)
6139784 regions remain after this pass
The minimum nearest neighbor distance on this pass was 0.000
The largest region generated on this pass contained 18 pixels
Merges:	attempted=6140352
	nnbr_gone=400058
	wrong_partner=47290
	nnbr_d2_big=5359368
	both_viable=0
	npix_big=0
	merging=333636
Wrote log band for pass 4


Garbage collecting region list
Compacted region list contains 6139784 regions

Pass 5 completed
Tolerance for pass was 2.258, (Tg = 10.000)
5833880 regions remain after this pass
The minimum nearest neighbor distance on this pass was 0.000
The largest region generated on this pass contained 24 pixels
Merges:	attempted=5834234
	nnbr_gone=391057
	wrong_partner=46029
	nnbr_d2_big=5091244
	both_viable=0
	npix_big=0
	merging=305904
Wrote log band for pass 5


Garbage collecting region list
Compacted region list contains 5833880 regions

Pass 6 completed
Tolerance for pass was 2.470, (Tg = 10.000)
5551304 regions remain after this pass
The minimum nearest neighbor distance on this pass was 0.000
The largest region generated on this pass contained 38 pixels
Merges:	attempted=5551571
	nnbr_gone=372500
	wrong_partner=43886
	nnbr_d2_big=4852609
	both_viable=0
	npix_big=0
	merging=282576
Wrote log band for pass 6


Garbage collecting region list
Compacted region list contains 5551304 regions

Pass 7 completed
Tolerance for pass was 2.665, (Tg = 10.000)
5288001 regions remain after this pass
The minimum nearest neighbor distance on this pass was 0.000
The largest region generated on this pass contained 43 pixels
Merges:	attempted=5288191
	nnbr_gone=365158
	wrong_partner=42284
	nnbr_d2_big=4617446
	both_viable=0
	npix_big=0
	merging=263303
Wrote log band for pass 7


Garbage collecting region list
Compacted region list contains 5288001 regions

Pass 8 completed
Tolerance for pass was 2.915, (Tg = 10.000)
5070176 regions remain after this pass
The minimum nearest neighbor distance on this pass was 0.000
The largest region generated on this pass contained 63 pixels
Merges:	attempted=5070277
	nnbr_gone=353819
	wrong_partner=43547
	nnbr_d2_big=4455086
	both_viable=0
	npix_big=0
	merging=217825
Wrote log band for pass 8


Garbage collecting region list
Compacted region list contains 5070176 regions

Pass 9 completed
Tolerance for pass was 3.114, (Tg = 10.000)
4866174 regions remain after this pass
The minimum nearest neighbor distance on this pass was 0.242
The largest region generated on this pass contained 77 pixels
Merges:	attempted=4866259
	nnbr_gone=339177
	wrong_partner=40511
	nnbr_d2_big=4282569
	both_viable=0
	npix_big=0
	merging=204002
Wrote log band for pass 9


Garbage collecting region list
Compacted region list contains 4866174 regions

Pass 10 completed
Tolerance for pass was 3.256, (Tg = 10.000)
4661133 regions remain after this pass
The minimum nearest neighbor distance on this pass was 0.188
The largest region generated on this pass contained 93 pixels
Merges:	attempted=4661233
	nnbr_gone=326179
	wrong_partner=35963
	nnbr_d2_big=4094050
	both_viable=0
	npix_big=0
	merging=205041
Wrote log band for pass 10


Garbage collecting region list
Compacted region list contains 4661133 regions

Pass 11 completed
Tolerance for pass was 3.479, (Tg = 10.000)
4455358 regions remain after this pass
The minimum nearest neighbor distance on this pass was 0.000
The largest region generated on this pass contained 114 pixels
Merges:	attempted=4455421
	nnbr_gone=338921
	wrong_partner=38983
	nnbr_d2_big=3871742
	both_viable=0
	npix_big=0
	merging=205775
Wrote log band for pass 11


Garbage collecting region list
Compacted region list contains 4455358 regions

Pass 12 completed
Tolerance for pass was 3.661, (Tg = 10.000)
4281112 regions remain after this pass
The minimum nearest neighbor distance on this pass was 0.000
The largest region generated on this pass contained 153 pixels
Merges:	attempted=4281159
	nnbr_gone=322255
	wrong_partner=37368
	nnbr_d2_big=3747290
	both_viable=0
	npix_big=0
	merging=174246
Wrote log band for pass 12


Garbage collecting region list
Compacted region list contains 4281112 regions

Pass 13 completed
Tolerance for pass was 3.886, (Tg = 10.000)
4091577 regions remain after this pass
The minimum nearest neighbor distance on this pass was 0.316
The largest region generated on this pass contained 167 pixels
Merges:	attempted=4091619
	nnbr_gone=338904
	wrong_partner=40168
	nnbr_d2_big=3523012
	both_viable=0
	npix_big=0
	merging=189535
Wrote log band for pass 13


Garbage collecting region list
Compacted region list contains 4091577 regions

Pass 14 completed
Tolerance for pass was 4.087, (Tg = 10.000)
3938623 regions remain after this pass
The minimum nearest neighbor distance on this pass was 0.228
The largest region generated on this pass contained 222 pixels
Merges:	attempted=3938660
	nnbr_gone=315679
	wrong_partner=39711
	nnbr_d2_big=3430316
	both_viable=0
	npix_big=0
	merging=152954
Wrote log band for pass 14


Garbage collecting region list
Compacted region list contains 3938623 regions

Pass 15 completed
Tolerance for pass was 4.254, (Tg = 10.000)
3778039 regions remain after this pass
The minimum nearest neighbor distance on this pass was 0.181
The largest region generated on this pass contained 262 pixels
Merges:	attempted=3778079
	nnbr_gone=307535
	wrong_partner=38488
	nnbr_d2_big=3271470
	both_viable=2
	npix_big=0
	merging=160584
Wrote log band for pass 15


Garbage collecting region list
Compacted region list contains 3778039 regions

Pass 16 completed
Tolerance for pass was 4.461, (Tg = 10.000)
3639259 regions remain after this pass
The minimum nearest neighbor distance on this pass was 0.283
The largest region generated on this pass contained 277 pixels
Merges:	attempted=3639274
	nnbr_gone=302290
	wrong_partner=38482
	nnbr_d2_big=3159694
	both_viable=28
	npix_big=0
	merging=138780
Wrote log band for pass 16


Garbage collecting region list
Compacted region list contains 3639259 regions

Pass 17 completed
Tolerance for pass was 4.648, (Tg = 10.000)
3504119 regions remain after this pass
The minimum nearest neighbor distance on this pass was 0.369
The largest region generated on this pass contained 312 pixels
Merges:	attempted=3504141
	nnbr_gone=294683
	wrong_partner=38429
	nnbr_d2_big=3035809
	both_viable=80
	npix_big=0
	merging=135140
Wrote log band for pass 17


Garbage collecting region list
Compacted region list contains 3504119 regions

Pass 18 completed
Tolerance for pass was 4.827, (Tg = 10.000)
3376243 regions remain after this pass
The minimum nearest neighbor distance on this pass was 0.208
The largest region generated on this pass contained 319 pixels
Merges:	attempted=3376254
	nnbr_gone=284552
	wrong_partner=39481
	nnbr_d2_big=2924161
	both_viable=184
	npix_big=0
	merging=127876
Wrote log band for pass 18


Garbage collecting region list
Compacted region list contains 3376243 regions

Pass 19 completed
Tolerance for pass was 5.020, (Tg = 10.000)
3260619 regions remain after this pass
The minimum nearest neighbor distance on this pass was 0.289
The largest region generated on this pass contained 373 pixels
Merges:	attempted=3260629
	nnbr_gone=272869
	wrong_partner=41795
	nnbr_d2_big=2829975
	both_viable=366
	npix_big=0
	merging=115624
Wrote log band for pass 19


Garbage collecting region list
Compacted region list contains 3260619 regions

Pass 20 completed
Tolerance for pass was 5.196, (Tg = 10.000)
3142378 regions remain after this pass
The minimum nearest neighbor distance on this pass was 0.356
The largest region generated on this pass contained 382 pixels
Merges:	attempted=3142389
	nnbr_gone=268040
	wrong_partner=44367
	nnbr_d2_big=2711163
	both_viable=578
	npix_big=0
	merging=118241
Wrote log band for pass 20


Garbage collecting region list
Compacted region list contains 3142378 regions

Pass 21 completed
Tolerance for pass was 5.376, (Tg = 10.000)
3038504 regions remain after this pass
The minimum nearest neighbor distance on this pass was 0.363
The largest region generated on this pass contained 445 pixels
Merges:	attempted=3038511
	nnbr_gone=251362
	wrong_partner=47620
	nnbr_d2_big=2634795
	both_viable=860
	npix_big=0
	merging=103874
Wrote log band for pass 21


Garbage collecting region list
Compacted region list contains 3038504 regions

Pass 22 completed
Tolerance for pass was 5.559, (Tg = 10.000)
2940715 regions remain after this pass
The minimum nearest neighbor distance on this pass was 0.115
The largest region generated on this pass contained 446 pixels
Merges:	attempted=2940723
	nnbr_gone=239540
	wrong_partner=51725
	nnbr_d2_big=2550493
	both_viable=1176
	npix_big=0
	merging=97789
Wrote log band for pass 22


Garbage collecting region list
Compacted region list contains 2940715 regions

Pass 23 completed
Tolerance for pass was 5.727, (Tg = 10.000)
2845353 regions remain after this pass
The minimum nearest neighbor distance on this pass was 0.362
The largest region generated on this pass contained 447 pixels
Merges:	attempted=2845360
	nnbr_gone=227508
	wrong_partner=56538
	nnbr_d2_big=2464444
	both_viable=1508
	npix_big=0
	merging=95362
Wrote log band for pass 23


Garbage collecting region list
Compacted region list contains 2845353 regions

Pass 24 completed
Tolerance for pass was 5.882, (Tg = 10.000)
2756930 regions remain after this pass
The minimum nearest neighbor distance on this pass was 0.341
The largest region generated on this pass contained 487 pixels
Merges:	attempted=2756935
	nnbr_gone=210706
	wrong_partner=61560
	nnbr_d2_big=2394360
	both_viable=1886
	npix_big=0
	merging=88423
Wrote log band for pass 24


Garbage collecting region list
Compacted region list contains 2756930 regions

Pass 25 completed
Tolerance for pass was 6.066, (Tg = 10.000)
2673843 regions remain after this pass
The minimum nearest neighbor distance on this pass was 0.362
The largest region generated on this pass contained 487 pixels
Merges:	attempted=2673846
	nnbr_gone=203154
	wrong_partner=67897
	nnbr_d2_big=2317456
	both_viable=2252
	npix_big=0
	merging=83087
Wrote log band for pass 25


Garbage collecting region list
Compacted region list contains 2673843 regions

Pass 26 completed
Tolerance for pass was 6.213, (Tg = 10.000)
2595050 regions remain after this pass
The minimum nearest neighbor distance on this pass was 0.362
The largest region generated on this pass contained 487 pixels
Merges:	attempted=2595054
	nnbr_gone=184530
	wrong_partner=73759
	nnbr_d2_big=2255344
	both_viable=2628
	npix_big=0
	merging=78793
Wrote log band for pass 26


Garbage collecting region list
Compacted region list contains 2595050 regions

Pass 27 completed
Tolerance for pass was 6.372, (Tg = 10.000)
2521830 regions remain after this pass
The minimum nearest neighbor distance on this pass was 0.236
The largest region generated on this pass contained 488 pixels
Merges:	attempted=2521833
	nnbr_gone=174228
	wrong_partner=79924
	nnbr_d2_big=2191519
	both_viable=2942
	npix_big=0
	merging=73220
Wrote log band for pass 27


Garbage collecting region list
Compacted region list contains 2521830 regions

Pass 28 completed
Tolerance for pass was 6.504, (Tg = 10.000)
2454580 regions remain after this pass
The minimum nearest neighbor distance on this pass was 0.362
The largest region generated on this pass contained 516 pixels
Merges:	attempted=2454584
	nnbr_gone=157295
	wrong_partner=84975
	nnbr_d2_big=2141858
	both_viable=3206
	npix_big=0
	merging=67250
Wrote log band for pass 28


Garbage collecting region list
Compacted region list contains 2454580 regions

Pass 29 completed
Tolerance for pass was 6.656, (Tg = 10.000)
2391206 regions remain after this pass
The minimum nearest neighbor distance on this pass was 0.362
The largest region generated on this pass contained 517 pixels
Merges:	attempted=2391206
	nnbr_gone=151650
	wrong_partner=90405
	nnbr_d2_big=2082327
	both_viable=3450
	npix_big=0
	merging=63374
Wrote log band for pass 29


Garbage collecting region list
Compacted region list contains 2391206 regions

Pass 30 completed
Tolerance for pass was 6.790, (Tg = 10.000)
2333233 regions remain after this pass
The minimum nearest neighbor distance on this pass was 0.362
The largest region generated on this pass contained 603 pixels
Merges:	attempted=2333235
	nnbr_gone=138410
	wrong_partner=95180
	nnbr_d2_big=2037974
	both_viable=3698
	npix_big=0
	merging=57973
Wrote log band for pass 30


Garbage collecting region list
Compacted region list contains 2333233 regions

Pass 31 completed
Tolerance for pass was 6.914, (Tg = 10.000)
2279047 regions remain after this pass
The minimum nearest neighbor distance on this pass was 0.362
The largest region generated on this pass contained 604 pixels
Merges:	attempted=2279048
	nnbr_gone=125845
	wrong_partner=100486
	nnbr_d2_big=1994613
	both_viable=3918
	npix_big=0
	merging=54186
Wrote log band for pass 31


Garbage collecting region list
Compacted region list contains 2279047 regions

Pass 32 completed
Tolerance for pass was 7.050, (Tg = 10.000)
2228689 regions remain after this pass
The minimum nearest neighbor distance on this pass was 0.362
The largest region generated on this pass contained 605 pixels
Merges:	attempted=2228693
	nnbr_gone=119587
	wrong_partner=105358
	nnbr_d2_big=1949328
	both_viable=4062
	npix_big=0
	merging=50358
Wrote log band for pass 32


Garbage collecting region list
Compacted region list contains 2228689 regions

Pass 33 completed
Tolerance for pass was 7.162, (Tg = 10.000)
2180882 regions remain after this pass
The minimum nearest neighbor distance on this pass was 0.362
The largest region generated on this pass contained 606 pixels
Merges:	attempted=2180886
	nnbr_gone=109844
	wrong_partner=109197
	nnbr_d2_big=1909860
	both_viable=4178
	npix_big=0
	merging=47807
Wrote log band for pass 33


Garbage collecting region list
Compacted region list contains 2180882 regions

Pass 34 completed
Tolerance for pass was 7.287, (Tg = 10.000)
2132830 regions remain after this pass
The minimum nearest neighbor distance on this pass was 0.362
The largest region generated on this pass contained 607 pixels
Merges:	attempted=2132830
	nnbr_gone=106277
	wrong_partner=113639
	nnbr_d2_big=1860550
	both_viable=4312
	npix_big=0
	merging=48052
Wrote log band for pass 34


Garbage collecting region list
Compacted region list contains 2132830 regions

Pass 35 completed
Tolerance for pass was 7.389, (Tg = 10.000)
2092565 regions remain after this pass
The minimum nearest neighbor distance on this pass was 0.362
The largest region generated on this pass contained 607 pixels
Merges:	attempted=2092566
	nnbr_gone=95027
	wrong_partner=117155
	nnbr_d2_big=1835689
	both_viable=4430
	npix_big=0
	merging=40265
Wrote log band for pass 35


Garbage collecting region list
Compacted region list contains 2092565 regions

Pass 36 completed
Tolerance for pass was 7.497, (Tg = 10.000)
2055721 regions remain after this pass
The minimum nearest neighbor distance on this pass was 0.362
The largest region generated on this pass contained 607 pixels
Merges:	attempted=2055721
	nnbr_gone=89438
	wrong_partner=120363
	nnbr_d2_big=1804562
	both_viable=4514
	npix_big=0
	merging=36844
Wrote log band for pass 36


Garbage collecting region list
Compacted region list contains 2055721 regions

Pass 37 completed
Tolerance for pass was 7.589, (Tg = 10.000)
2022031 regions remain after this pass
The minimum nearest neighbor distance on this pass was 0.362
The largest region generated on this pass contained 674 pixels
Merges:	attempted=2022031
	nnbr_gone=82107
	wrong_partner=123086
	nnbr_d2_big=1778570
	both_viable=4578
	npix_big=0
	merging=33690
Wrote log band for pass 37


Garbage collecting region list
Compacted region list contains 2022031 regions

Pass 38 completed
Tolerance for pass was 7.675, (Tg = 10.000)
1989941 regions remain after this pass
The minimum nearest neighbor distance on this pass was 0.362
The largest region generated on this pass contained 675 pixels
Merges:	attempted=1989942
	nnbr_gone=75407
	wrong_partner=125554
	nnbr_d2_big=1752263
	both_viable=4628
	npix_big=0
	merging=32090
Wrote log band for pass 38


Garbage collecting region list
Compacted region list contains 1989941 regions

Pass 39 completed
Tolerance for pass was 7.752, (Tg = 10.000)
1960354 regions remain after this pass
The minimum nearest neighbor distance on this pass was 0.362
The largest region generated on this pass contained 675 pixels
Merges:	attempted=1960355
	nnbr_gone=68913
	wrong_partner=127969
	nnbr_d2_big=1729212
	both_viable=4674
	npix_big=0
	merging=29587
Wrote log band for pass 39


Garbage collecting region list
Compacted region list contains 1960354 regions

Pass 40 completed
Tolerance for pass was 7.836, (Tg = 10.000)
1933136 regions remain after this pass
The minimum nearest neighbor distance on this pass was 0.362
The largest region generated on this pass contained 675 pixels
Merges:	attempted=1933136
	nnbr_gone=65934
	wrong_partner=130229
	nnbr_d2_big=1705037
	both_viable=4718
	npix_big=0
	merging=27218
Wrote log band for pass 40


Garbage collecting region list
Compacted region list contains 1933136 regions

Pass 41 completed
Tolerance for pass was 7.918, (Tg = 10.000)
1907890 regions remain after this pass
The minimum nearest neighbor distance on this pass was 0.362
The largest region generated on this pass contained 675 pixels
Merges:	attempted=1907890
	nnbr_gone=62438
	wrong_partner=132464
	nnbr_d2_big=1682982
	both_viable=4760
	npix_big=0
	merging=25246
Wrote log band for pass 41


Garbage collecting region list
Compacted region list contains 1907890 regions

Pass 42 completed
Tolerance for pass was 7.987, (Tg = 10.000)
1883639 regions remain after this pass
The minimum nearest neighbor distance on this pass was 0.362
The largest region generated on this pass contained 675 pixels
Merges:	attempted=1883639
	nnbr_gone=56669
	wrong_partner=134368
	nnbr_d2_big=1663541
	both_viable=4810
	npix_big=0
	merging=24251
Wrote log band for pass 42


Garbage collecting region list
Compacted region list contains 1883639 regions

Pass 43 completed
Tolerance for pass was 8.062, (Tg = 10.000)
1859384 regions remain after this pass
The minimum nearest neighbor distance on this pass was 0.362
The largest region generated on this pass contained 724 pixels
Merges:	attempted=1859384
	nnbr_gone=55397
	wrong_partner=136417
	nnbr_d2_big=1638467
	both_viable=4848
	npix_big=0
	merging=24255
Wrote log band for pass 43


Garbage collecting region list
Compacted region list contains 1859384 regions

Pass 44 completed
Tolerance for pass was 8.124, (Tg = 10.000)
1836356 regions remain after this pass
The minimum nearest neighbor distance on this pass was 0.362
The largest region generated on this pass contained 724 pixels
Merges:	attempted=1836356
	nnbr_gone=51107
	wrong_partner=137967
	nnbr_d2_big=1619374
	both_viable=4880
	npix_big=0
	merging=23028
Wrote log band for pass 44


Garbage collecting region list
Compacted region list contains 1836356 regions

Pass 45 completed
Tolerance for pass was 8.179, (Tg = 10.000)
1818196 regions remain after this pass
The minimum nearest neighbor distance on this pass was 0.362
The largest region generated on this pass contained 733 pixels
Merges:	attempted=1818196
	nnbr_gone=46184
	wrong_partner=139186
	nnbr_d2_big=1609786
	both_viable=4880
	npix_big=0
	merging=18160
Wrote log band for pass 45


Garbage collecting region list
Compacted region list contains 1818196 regions

Pass 46 completed
Tolerance for pass was 8.234, (Tg = 10.000)
1801774 regions remain after this pass
The minimum nearest neighbor distance on this pass was 0.362
The largest region generated on this pass contained 787 pixels
Merges:	attempted=1801774
	nnbr_gone=42293
	wrong_partner=140209
	nnbr_d2_big=1597948
	both_viable=4902
	npix_big=0
	merging=16422
Wrote log band for pass 46


Garbage collecting region list
Compacted region list contains 1801774 regions

Pass 47 completed
Tolerance for pass was 8.289, (Tg = 10.000)
1786001 regions remain after this pass
The minimum nearest neighbor distance on this pass was 0.362
The largest region generated on this pass contained 795 pixels
Merges:	attempted=1786002
	nnbr_gone=40625
	wrong_partner=141350
	nnbr_d2_big=1583322
	both_viable=4932
	npix_big=0
	merging=15773
Wrote log band for pass 47


Garbage collecting region list
Compacted region list contains 1786001 regions

Pass 48 completed
Tolerance for pass was 8.343, (Tg = 10.000)
1771065 regions remain after this pass
The minimum nearest neighbor distance on this pass was 0.362
The largest region generated on this pass contained 796 pixels
Merges:	attempted=1771065
	nnbr_gone=39048
	wrong_partner=142676
	nnbr_d2_big=1569455
	both_viable=4950
	npix_big=0
	merging=14936
Wrote log band for pass 48


Garbage collecting region list
Compacted region list contains 1771065 regions

Pass 49 completed
Tolerance for pass was 8.373, (Tg = 10.000)
1757914 regions remain after this pass
The minimum nearest neighbor distance on this pass was 0.362
The largest region generated on this pass contained 796 pixels
Merges:	attempted=1757916
	nnbr_gone=31878
	wrong_partner=143360
	nnbr_d2_big=1564561
	both_viable=4966
	npix_big=0
	merging=13151
Wrote log band for pass 49


Garbage collecting region list
Compacted region list contains 1757914 regions

Pass 50 completed
Tolerance for pass was 8.414, (Tg = 10.000)
1745807 regions remain after this pass
The minimum nearest neighbor distance on this pass was 0.362
The largest region generated on this pass contained 796 pixels
Merges:	attempted=1745807
	nnbr_gone=31620
	wrong_partner=144209
	nnbr_d2_big=1552887
	both_viable=4984
	npix_big=0
	merging=12107
Wrote log band for pass 50


Garbage collecting region list
Compacted region list contains 1745807 regions

Pass 51 completed
Tolerance for pass was 8.450, (Tg = 10.000)
1734373 regions remain after this pass
The minimum nearest neighbor distance on this pass was 0.362
The largest region generated on this pass contained 796 pixels
Merges:	attempted=1734373
	nnbr_gone=28601
	wrong_partner=144936
	nnbr_d2_big=1544412
	both_viable=4990
	npix_big=0
	merging=11434
Wrote log band for pass 51


Garbage collecting region list
Compacted region list contains 1734373 regions

Pass 52 completed
Tolerance for pass was 8.491, (Tg = 10.000)
1723210 regions remain after this pass
The minimum nearest neighbor distance on this pass was 0.362
The largest region generated on this pass contained 796 pixels
Merges:	attempted=1723210
	nnbr_gone=28379
	wrong_partner=145760
	nnbr_d2_big=1532912
	both_viable=4996
	npix_big=0
	merging=11163
Wrote log band for pass 52


Garbage collecting region list
Compacted region list contains 1723210 regions

Pass 53 completed
Tolerance for pass was 8.526, (Tg = 10.000)
1713686 regions remain after this pass
The minimum nearest neighbor distance on this pass was 0.362
The largest region generated on this pass contained 796 pixels
Merges:	attempted=1713686
	nnbr_gone=26051
	wrong_partner=146492
	nnbr_d2_big=1526609
	both_viable=5010
	npix_big=0
	merging=9524
Wrote log band for pass 53


Garbage collecting region list
Compacted region list contains 1713686 regions

Pass 54 completed
Tolerance for pass was 8.550, (Tg = 10.000)
1704905 regions remain after this pass
The minimum nearest neighbor distance on this pass was 0.362
The largest region generated on this pass contained 796 pixels
Merges:	attempted=1704905
	nnbr_gone=21942
	wrong_partner=147074
	nnbr_d2_big=1522088
	both_viable=5020
	npix_big=0
	merging=8781
Wrote log band for pass 54


Garbage collecting region list
Compacted region list contains 1704905 regions

Pass 55 completed
Tolerance for pass was 8.579, (Tg = 10.000)
1696234 regions remain after this pass
The minimum nearest neighbor distance on this pass was 0.362
The largest region generated on this pass contained 796 pixels
Merges:	attempted=1696234
	nnbr_gone=21930
	wrong_partner=147689
	nnbr_d2_big=1512908
	both_viable=5036
	npix_big=0
	merging=8671
Wrote log band for pass 55


Garbage collecting region list
Compacted region list contains 1696234 regions

Pass 56 completed
Tolerance for pass was 8.608, (Tg = 10.000)
1688398 regions remain after this pass
The minimum nearest neighbor distance on this pass was 0.362
The largest region generated on this pass contained 796 pixels
Merges:	attempted=1688398
	nnbr_gone=20812
	wrong_partner=148314
	nnbr_d2_big=1506384
	both_viable=5052
	npix_big=0
	merging=7836
Wrote log band for pass 56


Garbage collecting region list
Compacted region list contains 1688398 regions

Pass 57 completed
Tolerance for pass was 8.637, (Tg = 10.000)
1680729 regions remain after this pass
The minimum nearest neighbor distance on this pass was 0.362
The largest region generated on this pass contained 796 pixels
Merges:	attempted=1680729
	nnbr_gone=20505
	wrong_partner=148806
	nnbr_d2_big=1498693
	both_viable=5056
	npix_big=0
	merging=7669
Wrote log band for pass 57


Garbage collecting region list
Compacted region list contains 1680729 regions

Pass 58 completed
Tolerance for pass was 8.666, (Tg = 10.000)
1672373 regions remain after this pass
The minimum nearest neighbor distance on this pass was 0.362
The largest region generated on this pass contained 796 pixels
Merges:	attempted=1672373
	nnbr_gone=20272
	wrong_partner=149336
	nnbr_d2_big=1489341
	both_viable=5068
	npix_big=0
	merging=8356
Wrote log band for pass 58


Garbage collecting region list
Compacted region list contains 1672373 regions

Pass 59 completed
Tolerance for pass was 8.683, (Tg = 10.000)
1666551 regions remain after this pass
The minimum nearest neighbor distance on this pass was 0.362
The largest region generated on this pass contained 796 pixels
Merges:	attempted=1666551
	nnbr_gone=16412
	wrong_partner=149682
	nnbr_d2_big=1489563
	both_viable=5072
	npix_big=0
	merging=5822
Wrote log band for pass 59


Garbage collecting region list
Compacted region list contains 1666551 regions

Pass 60 completed
Tolerance for pass was 8.706, (Tg = 10.000)
1660422 regions remain after this pass
The minimum nearest neighbor distance on this pass was 0.362
The largest region generated on this pass contained 796 pixels
Merges:	attempted=1660422
	nnbr_gone=16360
	wrong_partner=150049
	nnbr_d2_big=1482806
	both_viable=5078
	npix_big=0
	merging=6129
Wrote log band for pass 60


Garbage collecting region list
Compacted region list contains 1660422 regions

Pass 61 completed
Tolerance for pass was 8.724, (Tg = 10.000)
1655161 regions remain after this pass
The minimum nearest neighbor distance on this pass was 0.362
The largest region generated on this pass contained 796 pixels
Merges:	attempted=1655161
	nnbr_gone=14544
	wrong_partner=150383
	nnbr_d2_big=1479889
	both_viable=5084
	npix_big=0
	merging=5261
Wrote log band for pass 61


Garbage collecting region list
Compacted region list contains 1655161 regions

Pass 62 completed
Tolerance for pass was 8.741, (Tg = 10.000)
1650507 regions remain after this pass
The minimum nearest neighbor distance on this pass was 0.362
The largest region generated on this pass contained 796 pixels
Merges:	attempted=1650507
	nnbr_gone=13166
	wrong_partner=150676
	nnbr_d2_big=1476925
	both_viable=5086
	npix_big=0
	merging=4654
Wrote log band for pass 62


Garbage collecting region list
Compacted region list contains 1650507 regions

Pass 63 completed
Tolerance for pass was 8.758, (Tg = 10.000)
1645720 regions remain after this pass
The minimum nearest neighbor distance on this pass was 0.362
The largest region generated on this pass contained 796 pixels
Merges:	attempted=1645720
	nnbr_gone=12506
	wrong_partner=150949
	nnbr_d2_big=1472384
	both_viable=5094
	npix_big=0
	merging=4787
Wrote log band for pass 63


Garbage collecting region list
Compacted region list contains 1645720 regions

Pass 64 completed
Tolerance for pass was 8.775, (Tg = 10.000)
1640290 regions remain after this pass
The minimum nearest neighbor distance on this pass was 0.362
The largest region generated on this pass contained 796 pixels
Merges:	attempted=1640290
	nnbr_gone=12730
	wrong_partner=151290
	nnbr_d2_big=1465748
	both_viable=5092
	npix_big=0
	merging=5430
Wrote log band for pass 64


Garbage collecting region list
Compacted region list contains 1640290 regions

Pass 65 completed
Tolerance for pass was 8.786, (Tg = 10.000)
1636639 regions remain after this pass
The minimum nearest neighbor distance on this pass was 0.362
The largest region generated on this pass contained 796 pixels
Merges:	attempted=1636639
	nnbr_gone=10788
	wrong_partner=151498
	nnbr_d2_big=1465604
	both_viable=5098
	npix_big=0
	merging=3651
Wrote log band for pass 65


Garbage collecting region list
Compacted region list contains 1636639 regions

Pass 66 completed
Tolerance for pass was 8.803, (Tg = 10.000)
1632604 regions remain after this pass
The minimum nearest neighbor distance on this pass was 0.362
The largest region generated on this pass contained 796 pixels
Merges:	attempted=1632604
	nnbr_gone=10700
	wrong_partner=151759
	nnbr_d2_big=1461012
	both_viable=5098
	npix_big=0
	merging=4035
Wrote log band for pass 66


Garbage collecting region list
Compacted region list contains 1632604 regions

Pass 67 completed
Tolerance for pass was 8.815, (Tg = 10.000)
1629589 regions remain after this pass
The minimum nearest neighbor distance on this pass was 0.362
The largest region generated on this pass contained 796 pixels
Merges:	attempted=1629589
	nnbr_gone=9099
	wrong_partner=152020
	nnbr_d2_big=1460353
	both_viable=5102
	npix_big=0
	merging=3015
Wrote log band for pass 67


Garbage collecting region list
Compacted region list contains 1629589 regions

Pass 68 completed
Tolerance for pass was 8.826, (Tg = 10.000)
1626676 regions remain after this pass
The minimum nearest neighbor distance on this pass was 0.362
The largest region generated on this pass contained 796 pixels
Merges:	attempted=1626676
	nnbr_gone=8403
	wrong_partner=152220
	nnbr_d2_big=1458034
	both_viable=5106
	npix_big=0
	merging=2913
Wrote log band for pass 68


Garbage collecting region list
Compacted region list contains 1626676 regions

Pass 69 completed
Tolerance for pass was 8.837, (Tg = 10.000)
1621269 regions remain after this pass
The minimum nearest neighbor distance on this pass was 0.362
The largest region generated on this pass contained 796 pixels
Merges:	attempted=1621269
	nnbr_gone=8985
	wrong_partner=152525
	nnbr_d2_big=1449244
	both_viable=5108
	npix_big=0
	merging=5407
Wrote log band for pass 69


Garbage collecting region list
Compacted region list contains 1621269 regions

Pass 70 completed
Tolerance for pass was 8.820, (Tg = 10.000)
1619085 regions remain after this pass
The minimum nearest neighbor distance on this pass was 0.362
The largest region generated on this pass contained 796 pixels
Merges:	attempted=1619085
	nnbr_gone=5614
	wrong_partner=152196
	nnbr_d2_big=1453983
	both_viable=5108
	npix_big=0
	merging=2184
Wrote log band for pass 70


Garbage collecting region list
Compacted region list contains 1619085 regions

Pass 71 completed
Tolerance for pass was 8.849, (Tg = 10.000)
1616646 regions remain after this pass
The minimum nearest neighbor distance on this pass was 0.362
The largest region generated on this pass contained 796 pixels
Merges:	attempted=1616646
	nnbr_gone=6551
	wrong_partner=152650
	nnbr_d2_big=1449894
	both_viable=5112
	npix_big=0
	merging=2439
Wrote log band for pass 71


Garbage collecting region list
Compacted region list contains 1616646 regions

Pass 72 completed
Tolerance for pass was 8.854, (Tg = 10.000)
1614873 regions remain after this pass
The minimum nearest neighbor distance on this pass was 0.362
The largest region generated on this pass contained 796 pixels
Merges:	attempted=1614873
	nnbr_gone=5407
	wrong_partner=152777
	nnbr_d2_big=1449800
	both_viable=5116
	npix_big=0
	merging=1773
Wrote log band for pass 72


Garbage collecting region list
Compacted region list contains 1614873 regions

Pass 73 completed
Tolerance for pass was 8.866, (Tg = 10.000)
1612573 regions remain after this pass
The minimum nearest neighbor distance on this pass was 0.362
The largest region generated on this pass contained 796 pixels
Merges:	attempted=1612573
	nnbr_gone=6246
	wrong_partner=152927
	nnbr_d2_big=1445980
	both_viable=5120
	npix_big=0
	merging=2300
Wrote log band for pass 73


Garbage collecting region list
Compacted region list contains 1612573 regions

Pass 74 completed
Tolerance for pass was 8.871, (Tg = 10.000)
1610909 regions remain after this pass
The minimum nearest neighbor distance on this pass was 0.362
The largest region generated on this pass contained 796 pixels
Merges:	attempted=1610909
	nnbr_gone=5056
	wrong_partner=153063
	nnbr_d2_big=1446006
	both_viable=5120
	npix_big=0
	merging=1664
Wrote log band for pass 74


Garbage collecting region list
Compacted region list contains 1610909 regions

Pass 75 completed
Tolerance for pass was 8.877, (Tg = 10.000)
1609083 regions remain after this pass
The minimum nearest neighbor distance on this pass was 0.362
The largest region generated on this pass contained 796 pixels
Merges:	attempted=1609083
	nnbr_gone=4693
	wrong_partner=153141
	nnbr_d2_big=1444301
	both_viable=5122
	npix_big=0
	merging=1826
Wrote log band for pass 75


Garbage collecting region list
Compacted region list contains 1609083 regions

Pass 76 completed
Tolerance for pass was 8.883, (Tg = 10.000)
1607639 regions remain after this pass
The minimum nearest neighbor distance on this pass was 0.362
The largest region generated on this pass contained 796 pixels
Merges:	attempted=1607639
	nnbr_gone=3983
	wrong_partner=153241
	nnbr_d2_big=1443849
	both_viable=5122
	npix_big=0
	merging=1444
Wrote log band for pass 76


Garbage collecting region list
Compacted region list contains 1607639 regions

Pass 77 completed
Tolerance for pass was 8.888, (Tg = 10.000)
1606024 regions remain after this pass
The minimum nearest neighbor distance on this pass was 0.362
The largest region generated on this pass contained 796 pixels
Merges:	attempted=1606024
	nnbr_gone=3956
	wrong_partner=153357
	nnbr_d2_big=1441974
	both_viable=5122
	npix_big=0
	merging=1615
Wrote log band for pass 77


Garbage collecting region list
Compacted region list contains 1606024 regions

Pass 78 completed
Tolerance for pass was 8.894, (Tg = 10.000)
1604616 regions remain after this pass
The minimum nearest neighbor distance on this pass was 0.362
The largest region generated on this pass contained 796 pixels
Merges:	attempted=1604616
	nnbr_gone=3962
	wrong_partner=153461
	nnbr_d2_big=1440665
	both_viable=5120
	npix_big=0
	merging=1408
Wrote log band for pass 78


Garbage collecting region list
Compacted region list contains 1604616 regions

Pass 79 completed
Tolerance for pass was 8.899, (Tg = 10.000)
1603361 regions remain after this pass
The minimum nearest neighbor distance on this pass was 0.362
The largest region generated on this pass contained 796 pixels
Merges:	attempted=1603361
	nnbr_gone=3913
	wrong_partner=153545
	nnbr_d2_big=1439520
	both_viable=5128
	npix_big=0
	merging=1255
Wrote log band for pass 79


Garbage collecting region list
Compacted region list contains 1603361 regions

Pass 80 completed
Tolerance for pass was 8.905, (Tg = 10.000)
1601889 regions remain after this pass
The minimum nearest neighbor distance on this pass was 0.362
The largest region generated on this pass contained 796 pixels
Merges:	attempted=1601889
	nnbr_gone=3880
	wrong_partner=153644
	nnbr_d2_big=1437765
	both_viable=5128
	npix_big=0
	merging=1472
Wrote log band for pass 80


Garbage collecting region list
Compacted region list contains 1601889 regions

Pass 81 completed
Tolerance for pass was 8.911, (Tg = 10.000)
1600518 regions remain after this pass
The minimum nearest neighbor distance on this pass was 0.362
The largest region generated on this pass contained 796 pixels
Merges:	attempted=1600518
	nnbr_gone=3714
	wrong_partner=153747
	nnbr_d2_big=1436556
	both_viable=5130
	npix_big=0
	merging=1371
Wrote log band for pass 81


Garbage collecting region list
Compacted region list contains 1600518 regions

Pass 82 completed
Tolerance for pass was 8.911, (Tg = 10.000)
1599975 regions remain after this pass
The minimum nearest neighbor distance on this pass was 0.362
The largest region generated on this pass contained 796 pixels
Merges:	attempted=1599975
	nnbr_gone=2030
	wrong_partner=153747
	nnbr_d2_big=1438525
	both_viable=5130
	npix_big=0
	merging=543
Wrote log band for pass 82

Pass 83 completed
Tolerance for pass was 8.916, (Tg = 10.000)
1598651 regions remain after this pass
The minimum nearest neighbor distance on this pass was 0.362
The largest region generated on this pass contained 796 pixels
Merges:	attempted=1598651
	nnbr_gone=2828
	wrong_partner=153826
	nnbr_d2_big=1435541
	both_viable=5132
	npix_big=0
	merging=1324
Wrote log band for pass 83


Garbage collecting region list
Compacted region list contains 1598651 regions

Pass 84 completed
Tolerance for pass was 8.905, (Tg = 10.000)
1598129 regions remain after this pass
The minimum nearest neighbor distance on this pass was 0.362
The largest region generated on this pass contained 796 pixels
Merges:	attempted=1598129
	nnbr_gone=1642
	wrong_partner=153644
	nnbr_d2_big=1437191
	both_viable=5130
	npix_big=0
	merging=522
Wrote log band for pass 84

Pass 85 completed
Tolerance for pass was 8.922, (Tg = 10.000)
1597339 regions remain after this pass
The minimum nearest neighbor distance on this pass was 0.362
The largest region generated on this pass contained 796 pixels
Merges:	attempted=1597339
	nnbr_gone=2286
	wrong_partner=153926
	nnbr_d2_big=1435203
	both_viable=5134
	npix_big=0
	merging=790
Wrote log band for pass 85


Garbage collecting region list
Compacted region list contains 1597339 regions

Pass 86 completed
Tolerance for pass was 8.922, (Tg = 10.000)
1597015 regions remain after this pass
The minimum nearest neighbor distance on this pass was 0.362
The largest region generated on this pass contained 796 pixels
Merges:	attempted=1597015
	nnbr_gone=1293
	wrong_partner=153935
	nnbr_d2_big=1436329
	both_viable=5134
	npix_big=0
	merging=324
Wrote log band for pass 86

Pass 87 completed
Tolerance for pass was 8.927, (Tg = 10.000)
1596181 regions remain after this pass
The minimum nearest neighbor distance on this pass was 0.362
The largest region generated on this pass contained 796 pixels
Merges:	attempted=1596181
	nnbr_gone=2264
	wrong_partner=154020
	nnbr_d2_big=1433929
	both_viable=5134
	npix_big=0
	merging=834
Wrote log band for pass 87


Garbage collecting region list
Compacted region list contains 1596181 regions

Pass 88 completed
Tolerance for pass was 8.916, (Tg = 10.000)
1595867 regions remain after this pass
The minimum nearest neighbor distance on this pass was 0.362
The largest region generated on this pass contained 796 pixels
Merges:	attempted=1595867
	nnbr_gone=1240
	wrong_partner=153835
	nnbr_d2_big=1435342
	both_viable=5136
	npix_big=0
	merging=314
Wrote log band for pass 88

Pass 89 completed
Tolerance for pass was 8.933, (Tg = 10.000)
1594768 regions remain after this pass
The minimum nearest neighbor distance on this pass was 0.362
The largest region generated on this pass contained 796 pixels
Merges:	attempted=1594768
	nnbr_gone=2468
	wrong_partner=154145
	nnbr_d2_big=1431920
	both_viable=5136
	npix_big=0
	merging=1099
Wrote log band for pass 89


Garbage collecting region list
Compacted region list contains 1594768 regions

Pass 90 completed
Tolerance for pass was 8.894, (Tg = 10.000)
1594329 regions remain after this pass
The minimum nearest neighbor distance on this pass was 0.362
The largest region generated on this pass contained 796 pixels
Merges:	attempted=1594329
	nnbr_gone=1407
	wrong_partner=153458
	nnbr_d2_big=1433893
	both_viable=5132
	npix_big=0
	merging=439
Wrote log band for pass 90

Pass 91 completed
Tolerance for pass was 8.916, (Tg = 10.000)
1594136 regions remain after this pass
The minimum nearest neighbor distance on this pass was 0.362
The largest region generated on this pass contained 796 pixels
Merges:	attempted=1594136
	nnbr_gone=936
	wrong_partner=153835
	nnbr_d2_big=1434036
	both_viable=5136
	npix_big=0
	merging=193
Wrote log band for pass 91

Pass 92 completed
Tolerance for pass was 8.927, (Tg = 10.000)
1594022 regions remain after this pass
The minimum nearest neighbor distance on this pass was 0.362
The largest region generated on this pass contained 796 pixels
Merges:	attempted=1594022
	nnbr_gone=715
	wrong_partner=154025
	nnbr_d2_big=1434032
	both_viable=5136
	npix_big=0
	merging=114
Wrote log band for pass 92

Pass 93 completed
Tolerance for pass was 8.939, (Tg = 10.000)
1593305 regions remain after this pass
The minimum nearest neighbor distance on this pass was 0.362
The largest region generated on this pass contained 796 pixels
Merges:	attempted=1593305
	nnbr_gone=1937
	wrong_partner=154223
	nnbr_d2_big=1431290
	both_viable=5138
	npix_big=0
	merging=717
Wrote log band for pass 93


Garbage collecting region list
Compacted region list contains 1593305 regions

Pass 94 completed
Tolerance for pass was 8.905, (Tg = 10.000)
1593036 regions remain after this pass
The minimum nearest neighbor distance on this pass was 0.362
The largest region generated on this pass contained 796 pixels
Merges:	attempted=1593036
	nnbr_gone=1090
	wrong_partner=153632
	nnbr_d2_big=1432913
	both_viable=5132
	npix_big=0
	merging=269
Wrote log band for pass 94

Pass 95 completed
Tolerance for pass was 8.922, (Tg = 10.000)
1592914 regions remain after this pass
The minimum nearest neighbor distance on this pass was 0.362
The largest region generated on this pass contained 796 pixels
Merges:	attempted=1592914
	nnbr_gone=678
	wrong_partner=153934
	nnbr_d2_big=1433044
	both_viable=5136
	npix_big=0
	merging=122
Wrote log band for pass 95

Pass 96 completed
Tolerance for pass was 8.927, (Tg = 10.000)
1592841 regions remain after this pass
The minimum nearest neighbor distance on this pass was 0.362
The largest region generated on this pass contained 796 pixels
Merges:	attempted=1592841
	nnbr_gone=517
	wrong_partner=154019
	nnbr_d2_big=1433096
	both_viable=5136
	npix_big=0
	merging=73
Wrote log band for pass 96

Pass 97 completed
Tolerance for pass was 8.933, (Tg = 10.000)
1592797 regions remain after this pass
The minimum nearest neighbor distance on this pass was 0.362
The largest region generated on this pass contained 796 pixels
Merges:	attempted=1592797
	nnbr_gone=402
	wrong_partner=154130
	nnbr_d2_big=1433085
	both_viable=5136
	npix_big=0
	merging=44
Wrote log band for pass 97

Pass 98 completed
Tolerance for pass was 8.933, (Tg = 10.000)
1592768 regions remain after this pass
The minimum nearest neighbor distance on this pass was 0.362
The largest region generated on this pass contained 796 pixels
Merges:	attempted=1592768
	nnbr_gone=294
	wrong_partner=154128
	nnbr_d2_big=1433181
	both_viable=5136
	npix_big=0
	merging=29
Wrote log band for pass 98

Pass 99 completed
Tolerance for pass was 8.933, (Tg = 10.000)
1592751 regions remain after this pass
The minimum nearest neighbor distance on this pass was 0.362
The largest region generated on this pass contained 796 pixels
Merges:	attempted=1592751
	nnbr_gone=222
	wrong_partner=154129
	nnbr_d2_big=1433247
	both_viable=5136
	npix_big=0
	merging=17
Wrote log band for pass 99

Pass 100 completed
Tolerance for pass was 8.933, (Tg = 10.000)
1592738 regions remain after this pass
The minimum nearest neighbor distance on this pass was 0.362
The largest region generated on this pass contained 796 pixels
Merges:	attempted=1592738
	nnbr_gone=184
	wrong_partner=154128
	nnbr_d2_big=1433277
	both_viable=5136
	npix_big=0
	merging=13
Wrote log band for pass 100

Pass 101 completed
Tolerance for pass was 8.933, (Tg = 10.000)
1592729 regions remain after this pass
The minimum nearest neighbor distance on this pass was 0.362
The largest region generated on this pass contained 808 pixels
Merges:	attempted=1592729
	nnbr_gone=169
	wrong_partner=154128
	nnbr_d2_big=1433287
	both_viable=5136
	npix_big=0
	merging=9
Wrote log band for pass 101

Pass 102 completed
Tolerance for pass was 8.933, (Tg = 10.000)
1592723 regions remain after this pass
The minimum nearest neighbor distance on this pass was 0.362
The largest region generated on this pass contained 823 pixels
Merges:	attempted=1592723
	nnbr_gone=132
	wrong_partner=154128
	nnbr_d2_big=1433321
	both_viable=5136
	npix_big=0
	merging=6
Wrote log band for pass 102

Pass 103 completed
Tolerance for pass was 8.933, (Tg = 10.000)
1592718 regions remain after this pass
The minimum nearest neighbor distance on this pass was 0.362
The largest region generated on this pass contained 825 pixels
Merges:	attempted=1592718
	nnbr_gone=120
	wrong_partner=154129
	nnbr_d2_big=1433328
	both_viable=5136
	npix_big=0
	merging=5
Wrote log band for pass 103

Pass 104 completed
Tolerance for pass was 8.933, (Tg = 10.000)
1592714 regions remain after this pass
The minimum nearest neighbor distance on this pass was 0.362
The largest region generated on this pass contained 826 pixels
Merges:	attempted=1592714
	nnbr_gone=116
	wrong_partner=154128
	nnbr_d2_big=1433330
	both_viable=5136
	npix_big=0
	merging=4
Wrote log band for pass 104

Pass 105 completed
Tolerance for pass was 8.933, (Tg = 10.000)
1592710 regions remain after this pass
The minimum nearest neighbor distance on this pass was 0.362
The largest region generated on this pass contained 833 pixels
Merges:	attempted=1592710
	nnbr_gone=112
	wrong_partner=154128
	nnbr_d2_big=1433330
	both_viable=5136
	npix_big=0
	merging=4
Wrote log band for pass 105

Pass 106 completed
Tolerance for pass was 8.933, (Tg = 10.000)
1592707 regions remain after this pass
The minimum nearest neighbor distance on this pass was 0.362
The largest region generated on this pass contained 834 pixels
Merges:	attempted=1592707
	nnbr_gone=103
	wrong_partner=154128
	nnbr_d2_big=1433337
	both_viable=5136
	npix_big=0
	merging=3
Wrote log band for pass 106

Pass 107 completed
Tolerance for pass was 8.933, (Tg = 10.000)
1592704 regions remain after this pass
The minimum nearest neighbor distance on this pass was 0.362
The largest region generated on this pass contained 836 pixels
Merges:	attempted=1592704
	nnbr_gone=100
	wrong_partner=154128
	nnbr_d2_big=1433337
	both_viable=5136
	npix_big=0
	merging=3
Wrote log band for pass 107

Pass 108 completed
Tolerance for pass was 8.933, (Tg = 10.000)
1592701 regions remain after this pass
The minimum nearest neighbor distance on this pass was 0.362
The largest region generated on this pass contained 846 pixels
Merges:	attempted=1592701
	nnbr_gone=99
	wrong_partner=154128
	nnbr_d2_big=1433335
	both_viable=5136
	npix_big=0
	merging=3
Wrote log band for pass 108

Pass 109 completed
Tolerance for pass was 8.933, (Tg = 10.000)
1592699 regions remain after this pass
The minimum nearest neighbor distance on this pass was 0.362
The largest region generated on this pass contained 846 pixels
Merges:	attempted=1592699
	nnbr_gone=45
	wrong_partner=154128
	nnbr_d2_big=1433388
	both_viable=5136
	npix_big=0
	merging=2
Wrote log band for pass 109

Pass 110 completed
Tolerance for pass was 8.933, (Tg = 10.000)
1592697 regions remain after this pass
The minimum nearest neighbor distance on this pass was 0.362
The largest region generated on this pass contained 846 pixels
Merges:	attempted=1592697
	nnbr_gone=44
	wrong_partner=154128
	nnbr_d2_big=1433387
	both_viable=5136
	npix_big=0
	merging=2
Wrote log band for pass 110

Pass 111 completed
Tolerance for pass was 8.939, (Tg = 10.000)
1592696 regions remain after this pass
The minimum nearest neighbor distance on this pass was 0.362
The largest region generated on this pass contained 846 pixels
Merges:	attempted=1592696
	nnbr_gone=22
	wrong_partner=154218
	nnbr_d2_big=1433317
	both_viable=5138
	npix_big=0
	merging=1
Wrote log band for pass 111

Pass 112 completed
Tolerance for pass was 8.939, (Tg = 10.000)
1592695 regions remain after this pass
The minimum nearest neighbor distance on this pass was 0.362
The largest region generated on this pass contained 846 pixels
Merges:	attempted=1592695
	nnbr_gone=21
	wrong_partner=154218
	nnbr_d2_big=1433317
	both_viable=5138
	npix_big=0
	merging=1
Wrote log band for pass 112

Pass 113 completed
Tolerance for pass was 8.939, (Tg = 10.000)
1592694 regions remain after this pass
The minimum nearest neighbor distance on this pass was 0.362
The largest region generated on this pass contained 846 pixels
Merges:	attempted=1592694
	nnbr_gone=20
	wrong_partner=154218
	nnbr_d2_big=1433317
	both_viable=5138
	npix_big=0
	merging=1
Wrote log band for pass 113

Pass 114 completed
Tolerance for pass was 8.939, (Tg = 10.000)
1592694 regions remain after this pass
The minimum nearest neighbor distance on this pass was 0.362
The largest region generated on this pass contained 846 pixels
Merges:	attempted=1592694
	nnbr_gone=0
	wrong_partner=154218
	nnbr_d2_big=1433338
	both_viable=5138
	npix_big=0
	merging=0

Pass 114 resulted in no merges
t10-m1-n15_15_100_2500_2500_myseg.log.113 contains the final band file for tolerance 10.000000

Writing region map image
t10-m1-n15_15_100_2500_2500_myseg.rmap.114 contains the region map image for tolerance 10.000000

Normal segmentation completed in 114 passes
Starting auxiliary passes to guarantee normal regions have at least
    15 pixels

Auxiliary pass 1 completed
1204818 regions remain after this pass
The minimum nearest neighbor distance on this pass was 1.033
The largest region generated on this pass contained 847 pixels
The smallest normal region remaining after this pass contained 1 pixels
Normal merges:	attempted=1193472
	nnbr_gone=372842
	wrong_partner=432754
	npix_big=0
	merging=387876
Wrote log band for pass 1


Garbage collecting region list
Compacted region list contains 1204818 regions

Auxiliary pass 2 completed
946323 regions remain after this pass
The minimum nearest neighbor distance on this pass was 0.300
The largest region generated on this pass contained 851 pixels
The smallest normal region remaining after this pass contained 1 pixels
Normal merges:	attempted=924960
	nnbr_gone=307980
	wrong_partner=358485
	npix_big=0
	merging=258495
Wrote log band for pass 2


Garbage collecting region list
Compacted region list contains 946323 regions

Auxiliary pass 3 completed
760091 regions remain after this pass
The minimum nearest neighbor distance on this pass was 0.243
The largest region generated on this pass contained 856 pixels
The smallest normal region remaining after this pass contained 1 pixels
Normal merges:	attempted=726358
	nnbr_gone=244618
	wrong_partner=295508
	npix_big=0
	merging=186232
Wrote log band for pass 3


Garbage collecting region list
Compacted region list contains 760091 regions

Auxiliary pass 4 completed
616449 regions remain after this pass
The minimum nearest neighbor distance on this pass was 0.440
The largest region generated on this pass contained 858 pixels
The smallest normal region remaining after this pass contained 1 pixels
Normal merges:	attempted=566814
	nnbr_gone=190081
	wrong_partner=233091
	npix_big=0
	merging=143642
Wrote log band for pass 4


Garbage collecting region list
Compacted region list contains 616449 regions

Auxiliary pass 5 completed
504299 regions remain after this pass
The minimum nearest neighbor distance on this pass was 0.486
The largest region generated on this pass contained 861 pixels
The smallest normal region remaining after this pass contained 1 pixels
Normal merges:	attempted=434833
	nnbr_gone=145526
	wrong_partner=177157
	npix_big=0
	merging=112150
Wrote log band for pass 5


Garbage collecting region list
Compacted region list contains 504299 regions

Auxiliary pass 6 completed
418840 regions remain after this pass
The minimum nearest neighbor distance on this pass was 0.635
The largest region generated on this pass contained 873 pixels
The smallest normal region remaining after this pass contained 1 pixels
Normal merges:	attempted=327449
	nnbr_gone=109578
	wrong_partner=132412
	npix_big=0
	merging=85459
Wrote log band for pass 6


Garbage collecting region list
Compacted region list contains 418840 regions

Auxiliary pass 7 completed
355998 regions remain after this pass
The minimum nearest neighbor distance on this pass was 0.450
The largest region generated on this pass contained 874 pixels
The smallest normal region remaining after this pass contained 1 pixels
Normal merges:	attempted=243821
	nnbr_gone=82400
	wrong_partner=98579
	npix_big=0
	merging=62842
Wrote log band for pass 7


Garbage collecting region list
Compacted region list contains 355998 regions

Auxiliary pass 8 completed
311605 regions remain after this pass
The minimum nearest neighbor distance on this pass was 0.351
The largest region generated on this pass contained 886 pixels
The smallest normal region remaining after this pass contained 1 pixels
Normal merges:	attempted=181798
	nnbr_gone=63691
	wrong_partner=73714
	npix_big=0
	merging=44393
Wrote log band for pass 8


Garbage collecting region list
Compacted region list contains 311605 regions

Auxiliary pass 9 completed
280829 regions remain after this pass
The minimum nearest neighbor distance on this pass was 0.585
The largest region generated on this pass contained 889 pixels
The smallest normal region remaining after this pass contained 1 pixels
Normal merges:	attempted=137801
	nnbr_gone=50232
	wrong_partner=56793
	npix_big=0
	merging=30776
Wrote log band for pass 9


Garbage collecting region list
Compacted region list contains 280829 regions

Auxiliary pass 10 completed
259303 regions remain after this pass
The minimum nearest neighbor distance on this pass was 0.751
The largest region generated on this pass contained 890 pixels
The smallest normal region remaining after this pass contained 1 pixels
Normal merges:	attempted=107230
	nnbr_gone=40879
	wrong_partner=44825
	npix_big=0
	merging=21526
Wrote log band for pass 10


Garbage collecting region list
Compacted region list contains 259303 regions

Auxiliary pass 11 completed
243734 regions remain after this pass
The minimum nearest neighbor distance on this pass was 0.460
The largest region generated on this pass contained 893 pixels
The smallest normal region remaining after this pass contained 1 pixels
Normal merges:	attempted=85750
	nnbr_gone=33230
	wrong_partner=36951
	npix_big=0
	merging=15569
Wrote log band for pass 11


Garbage collecting region list
Compacted region list contains 243734 regions

Auxiliary pass 12 completed
232168 regions remain after this pass
The minimum nearest neighbor distance on this pass was 0.618
The largest region generated on this pass contained 907 pixels
The smallest normal region remaining after this pass contained 1 pixels
Normal merges:	attempted=70243
	nnbr_gone=28035
	wrong_partner=30642
	npix_big=0
	merging=11566
Wrote log band for pass 12


Garbage collecting region list
Compacted region list contains 232168 regions

Auxiliary pass 13 completed
223205 regions remain after this pass
The minimum nearest neighbor distance on this pass was 0.621
The largest region generated on this pass contained 909 pixels
The smallest normal region remaining after this pass contained 1 pixels
Normal merges:	attempted=58709
	nnbr_gone=23781
	wrong_partner=25965
	npix_big=0
	merging=8963
Wrote log band for pass 13


Garbage collecting region list
Compacted region list contains 223205 regions

Auxiliary pass 14 completed
216081 regions remain after this pass
The minimum nearest neighbor distance on this pass was 0.457
The largest region generated on this pass contained 910 pixels
The smallest normal region remaining after this pass contained 1 pixels
Normal merges:	attempted=49754
	nnbr_gone=20433
	wrong_partner=22197
	npix_big=0
	merging=7124
Wrote log band for pass 14


Garbage collecting region list
Compacted region list contains 216081 regions

Auxiliary pass 15 completed
210198 regions remain after this pass
The minimum nearest neighbor distance on this pass was 0.740
The largest region generated on this pass contained 911 pixels
The smallest normal region remaining after this pass contained 1 pixels
Normal merges:	attempted=42639
	nnbr_gone=17901
	wrong_partner=18855
	npix_big=0
	merging=5883
Wrote log band for pass 15


Garbage collecting region list
Compacted region list contains 210198 regions

Auxiliary pass 16 completed
205232 regions remain after this pass
The minimum nearest neighbor distance on this pass was 1.171
The largest region generated on this pass contained 913 pixels
The smallest normal region remaining after this pass contained 1 pixels
Normal merges:	attempted=36753
	nnbr_gone=15454
	wrong_partner=16333
	npix_big=0
	merging=4966
Wrote log band for pass 16


Garbage collecting region list
Compacted region list contains 205232 regions

Auxiliary pass 17 completed
201005 regions remain after this pass
The minimum nearest neighbor distance on this pass was 1.009
The largest region generated on this pass contained 914 pixels
The smallest normal region remaining after this pass contained 1 pixels
Normal merges:	attempted=31789
	nnbr_gone=13624
	wrong_partner=13938
	npix_big=0
	merging=4227
Wrote log band for pass 17


Garbage collecting region list
Compacted region list contains 201005 regions

Auxiliary pass 18 completed
197382 regions remain after this pass
The minimum nearest neighbor distance on this pass was 0.780
The largest region generated on this pass contained 924 pixels
The smallest normal region remaining after this pass contained 1 pixels
Normal merges:	attempted=27566
	nnbr_gone=11460
	wrong_partner=12483
	npix_big=0
	merging=3623
Wrote log band for pass 18


Garbage collecting region list
Compacted region list contains 197382 regions

Auxiliary pass 19 completed
194274 regions remain after this pass
The minimum nearest neighbor distance on this pass was 1.666
The largest region generated on this pass contained 925 pixels
The smallest normal region remaining after this pass contained 1 pixels
Normal merges:	attempted=23940
	nnbr_gone=10157
	wrong_partner=10675
	npix_big=0
	merging=3108
Wrote log band for pass 19


Garbage collecting region list
Compacted region list contains 194274 regions

Auxiliary pass 20 completed
191554 regions remain after this pass
The minimum nearest neighbor distance on this pass was 1.824
The largest region generated on this pass contained 926 pixels
The smallest normal region remaining after this pass contained 1 pixels
Normal merges:	attempted=20836
	nnbr_gone=8647
	wrong_partner=9469
	npix_big=0
	merging=2720
Wrote log band for pass 20


Garbage collecting region list
Compacted region list contains 191554 regions

Auxiliary pass 21 completed
189175 regions remain after this pass
The minimum nearest neighbor distance on this pass was 1.178
The largest region generated on this pass contained 928 pixels
The smallest normal region remaining after this pass contained 1 pixels
Normal merges:	attempted=18117
	nnbr_gone=7804
	wrong_partner=7934
	npix_big=0
	merging=2379
Wrote log band for pass 21


Garbage collecting region list
Compacted region list contains 189175 regions

Auxiliary pass 22 completed
187119 regions remain after this pass
The minimum nearest neighbor distance on this pass was 1.243
The largest region generated on this pass contained 930 pixels
The smallest normal region remaining after this pass contained 1 pixels
Normal merges:	attempted=15739
	nnbr_gone=6673
	wrong_partner=7010
	npix_big=0
	merging=2056
Wrote log band for pass 22


Garbage collecting region list
Compacted region list contains 187119 regions

Auxiliary pass 23 completed
185295 regions remain after this pass
The minimum nearest neighbor distance on this pass was 1.334
The largest region generated on this pass contained 931 pixels
The smallest normal region remaining after this pass contained 1 pixels
Normal merges:	attempted=13682
	nnbr_gone=5886
	wrong_partner=5972
	npix_big=0
	merging=1824
Wrote log band for pass 23


Garbage collecting region list
Compacted region list contains 185295 regions

Auxiliary pass 24 completed
183699 regions remain after this pass
The minimum nearest neighbor distance on this pass was 0.986
The largest region generated on this pass contained 932 pixels
The smallest normal region remaining after this pass contained 1 pixels
Normal merges:	attempted=11862
	nnbr_gone=5012
	wrong_partner=5254
	npix_big=0
	merging=1596
Wrote log band for pass 24


Garbage collecting region list
Compacted region list contains 183699 regions

Auxiliary pass 25 completed
182310 regions remain after this pass
The minimum nearest neighbor distance on this pass was 1.676
The largest region generated on this pass contained 938 pixels
The smallest normal region remaining after this pass contained 1 pixels
Normal merges:	attempted=10263
	nnbr_gone=4471
	wrong_partner=4403
	npix_big=0
	merging=1389
Wrote log band for pass 25


Garbage collecting region list
Compacted region list contains 182310 regions

Auxiliary pass 26 completed
181119 regions remain after this pass
The minimum nearest neighbor distance on this pass was 4.121
The largest region generated on this pass contained 939 pixels
The smallest normal region remaining after this pass contained 1 pixels
Normal merges:	attempted=8875
	nnbr_gone=3623
	wrong_partner=4061
	npix_big=0
	merging=1191
Wrote log band for pass 26


Garbage collecting region list
Compacted region list contains 181119 regions

Auxiliary pass 27 completed
180105 regions remain after this pass
The minimum nearest neighbor distance on this pass was 1.227
The largest region generated on this pass contained 946 pixels
The smallest normal region remaining after this pass contained 1 pixels
Normal merges:	attempted=7684
	nnbr_gone=3210
	wrong_partner=3460
	npix_big=0
	merging=1014
Wrote log band for pass 27


Garbage collecting region list
Compacted region list contains 180105 regions

Auxiliary pass 28 completed
179228 regions remain after this pass
The minimum nearest neighbor distance on this pass was 4.115
The largest region generated on this pass contained 952 pixels
The smallest normal region remaining after this pass contained 1 pixels
Normal merges:	attempted=6669
	nnbr_gone=2818
	wrong_partner=2974
	npix_big=0
	merging=877
Wrote log band for pass 28

Auxiliary pass 29 completed
178445 regions remain after this pass
The minimum nearest neighbor distance on this pass was 2.349
The largest region generated on this pass contained 959 pixels
The smallest normal region remaining after this pass contained 1 pixels
Normal merges:	attempted=5792
	nnbr_gone=2562
	wrong_partner=2447
	npix_big=0
	merging=783
Wrote log band for pass 29


Garbage collecting region list
Compacted region list contains 178445 regions

Auxiliary pass 30 completed
177773 regions remain after this pass
The minimum nearest neighbor distance on this pass was 2.449
The largest region generated on this pass contained 961 pixels
The smallest normal region remaining after this pass contained 1 pixels
Normal merges:	attempted=5011
	nnbr_gone=2090
	wrong_partner=2249
	npix_big=0
	merging=672
Wrote log band for pass 30

Auxiliary pass 31 completed
177179 regions remain after this pass
The minimum nearest neighbor distance on this pass was 3.954
The largest region generated on this pass contained 964 pixels
The smallest normal region remaining after this pass contained 1 pixels
Normal merges:	attempted=4339
	nnbr_gone=1709
	wrong_partner=2036
	npix_big=0
	merging=594
Wrote log band for pass 31


Garbage collecting region list
Compacted region list contains 177179 regions

Auxiliary pass 32 completed
176656 regions remain after this pass
The minimum nearest neighbor distance on this pass was 3.105
The largest region generated on this pass contained 966 pixels
The smallest normal region remaining after this pass contained 1 pixels
Normal merges:	attempted=3745
	nnbr_gone=1641
	wrong_partner=1581
	npix_big=0
	merging=523
Wrote log band for pass 32

Auxiliary pass 33 completed
176203 regions remain after this pass
The minimum nearest neighbor distance on this pass was 2.643
The largest region generated on this pass contained 975 pixels
The smallest normal region remaining after this pass contained 1 pixels
Normal merges:	attempted=3223
	nnbr_gone=1342
	wrong_partner=1428
	npix_big=0
	merging=453
Wrote log band for pass 33


Garbage collecting region list
Compacted region list contains 176203 regions

Auxiliary pass 34 completed
175804 regions remain after this pass
The minimum nearest neighbor distance on this pass was 4.306
The largest region generated on this pass contained 976 pixels
The smallest normal region remaining after this pass contained 1 pixels
Normal merges:	attempted=2770
	nnbr_gone=1171
	wrong_partner=1200
	npix_big=0
	merging=399
Wrote log band for pass 34

Auxiliary pass 35 completed
175461 regions remain after this pass
The minimum nearest neighbor distance on this pass was 4.452
The largest region generated on this pass contained 979 pixels
The smallest normal region remaining after this pass contained 1 pixels
Normal merges:	attempted=2371
	nnbr_gone=1062
	wrong_partner=966
	npix_big=0
	merging=343
Wrote log band for pass 35

Auxiliary pass 36 completed
175163 regions remain after this pass
The minimum nearest neighbor distance on this pass was 1.425
The largest region generated on this pass contained 983 pixels
The smallest normal region remaining after this pass contained 1 pixels
Normal merges:	attempted=2028
	nnbr_gone=859
	wrong_partner=871
	npix_big=0
	merging=298
Wrote log band for pass 36


Garbage collecting region list
Compacted region list contains 175163 regions

Auxiliary pass 37 completed
174910 regions remain after this pass
The minimum nearest neighbor distance on this pass was 4.562
The largest region generated on this pass contained 985 pixels
The smallest normal region remaining after this pass contained 1 pixels
Normal merges:	attempted=1730
	nnbr_gone=746
	wrong_partner=731
	npix_big=0
	merging=253
Wrote log band for pass 37

Auxiliary pass 38 completed
174700 regions remain after this pass
The minimum nearest neighbor distance on this pass was 4.821
The largest region generated on this pass contained 986 pixels
The smallest normal region remaining after this pass contained 1 pixels
Normal merges:	attempted=1477
	nnbr_gone=647
	wrong_partner=620
	npix_big=0
	merging=210
Wrote log band for pass 38

Auxiliary pass 39 completed
174513 regions remain after this pass
The minimum nearest neighbor distance on this pass was 4.809
The largest region generated on this pass contained 987 pixels
The smallest normal region remaining after this pass contained 1 pixels
Normal merges:	attempted=1266
	nnbr_gone=575
	wrong_partner=504
	npix_big=0
	merging=187
Wrote log band for pass 39

Auxiliary pass 40 completed
174351 regions remain after this pass
The minimum nearest neighbor distance on this pass was 5.003
The largest region generated on this pass contained 993 pixels
The smallest normal region remaining after this pass contained 1 pixels
Normal merges:	attempted=1080
	nnbr_gone=404
	wrong_partner=514
	npix_big=0
	merging=162
Wrote log band for pass 40

Auxiliary pass 41 completed
174218 regions remain after this pass
The minimum nearest neighbor distance on this pass was 4.952
The largest region generated on this pass contained 995 pixels
The smallest normal region remaining after this pass contained 1 pixels
Normal merges:	attempted=917
	nnbr_gone=402
	wrong_partner=382
	npix_big=0
	merging=133
Wrote log band for pass 41


Garbage collecting region list
Compacted region list contains 174218 regions

Auxiliary pass 42 completed
174106 regions remain after this pass
The minimum nearest neighbor distance on this pass was 4.970
The largest region generated on this pass contained 998 pixels
The smallest normal region remaining after this pass contained 1 pixels
Normal merges:	attempted=785
	nnbr_gone=352
	wrong_partner=321
	npix_big=0
	merging=112
Wrote log band for pass 42

Auxiliary pass 43 completed
174011 regions remain after this pass
The minimum nearest neighbor distance on this pass was 5.339
The largest region generated on this pass contained 1000 pixels
The smallest normal region remaining after this pass contained 1 pixels
Normal merges:	attempted=673
	nnbr_gone=268
	wrong_partner=310
	npix_big=0
	merging=95
Wrote log band for pass 43

Auxiliary pass 44 completed
173930 regions remain after this pass
The minimum nearest neighbor distance on this pass was 5.424
The largest region generated on this pass contained 1001 pixels
The smallest normal region remaining after this pass contained 1 pixels
Normal merges:	attempted=578
	nnbr_gone=211
	wrong_partner=286
	npix_big=0
	merging=81
Wrote log band for pass 44

Auxiliary pass 45 completed
173856 regions remain after this pass
The minimum nearest neighbor distance on this pass was 5.437
The largest region generated on this pass contained 1011 pixels
The smallest normal region remaining after this pass contained 1 pixels
Normal merges:	attempted=496
	nnbr_gone=203
	wrong_partner=219
	npix_big=0
	merging=74
Wrote log band for pass 45

Auxiliary pass 46 completed
173790 regions remain after this pass
The minimum nearest neighbor distance on this pass was 2.952
The largest region generated on this pass contained 1012 pixels
The smallest normal region remaining after this pass contained 1 pixels
Normal merges:	attempted=422
	nnbr_gone=130
	wrong_partner=226
	npix_big=0
	merging=66
Wrote log band for pass 46

Auxiliary pass 47 completed
173733 regions remain after this pass
The minimum nearest neighbor distance on this pass was 5.504
The largest region generated on this pass contained 1013 pixels
The smallest normal region remaining after this pass contained 1 pixels
Normal merges:	attempted=357
	nnbr_gone=144
	wrong_partner=156
	npix_big=0
	merging=57
Wrote log band for pass 47

Auxiliary pass 48 completed
173685 regions remain after this pass
The minimum nearest neighbor distance on this pass was 5.500
The largest region generated on this pass contained 1014 pixels
The smallest normal region remaining after this pass contained 1 pixels
Normal merges:	attempted=300
	nnbr_gone=116
	wrong_partner=136
	npix_big=0
	merging=48
Wrote log band for pass 48

Auxiliary pass 49 completed
173642 regions remain after this pass
The minimum nearest neighbor distance on this pass was 5.511
The largest region generated on this pass contained 1018 pixels
The smallest normal region remaining after this pass contained 1 pixels
Normal merges:	attempted=251
	nnbr_gone=100
	wrong_partner=108
	npix_big=0
	merging=43
Wrote log band for pass 49

Auxiliary pass 50 completed
173607 regions remain after this pass
The minimum nearest neighbor distance on this pass was 5.719
The largest region generated on this pass contained 1021 pixels
The smallest normal region remaining after this pass contained 1 pixels
Normal merges:	attempted=209
	nnbr_gone=101
	wrong_partner=73
	npix_big=0
	merging=35
Wrote log band for pass 50

Auxiliary pass 51 completed
173575 regions remain after this pass
The minimum nearest neighbor distance on this pass was 5.858
The largest region generated on this pass contained 1022 pixels
The smallest normal region remaining after this pass contained 1 pixels
Normal merges:	attempted=174
	nnbr_gone=65
	wrong_partner=77
	npix_big=0
	merging=32
Wrote log band for pass 51

Auxiliary pass 52 completed
173551 regions remain after this pass
The minimum nearest neighbor distance on this pass was 5.899
The largest region generated on this pass contained 1023 pixels
The smallest normal region remaining after this pass contained 1 pixels
Normal merges:	attempted=142
	nnbr_gone=55
	wrong_partner=63
	npix_big=0
	merging=24
Wrote log band for pass 52

Auxiliary pass 53 completed
173532 regions remain after this pass
The minimum nearest neighbor distance on this pass was 6.109
The largest region generated on this pass contained 1024 pixels
The smallest normal region remaining after this pass contained 1 pixels
Normal merges:	attempted=118
	nnbr_gone=40
	wrong_partner=59
	npix_big=0
	merging=19
Wrote log band for pass 53

Auxiliary pass 54 completed
173516 regions remain after this pass
The minimum nearest neighbor distance on this pass was 6.248
The largest region generated on this pass contained 1025 pixels
The smallest normal region remaining after this pass contained 1 pixels
Normal merges:	attempted=99
	nnbr_gone=31
	wrong_partner=52
	npix_big=0
	merging=16
Wrote log band for pass 54

Auxiliary pass 55 completed
173504 regions remain after this pass
The minimum nearest neighbor distance on this pass was 6.435
The largest region generated on this pass contained 1029 pixels
The smallest normal region remaining after this pass contained 1 pixels
Normal merges:	attempted=83
	nnbr_gone=43
	wrong_partner=28
	npix_big=0
	merging=12
Wrote log band for pass 55

Auxiliary pass 56 completed
173493 regions remain after this pass
The minimum nearest neighbor distance on this pass was 7.159
The largest region generated on this pass contained 1032 pixels
The smallest normal region remaining after this pass contained 1 pixels
Normal merges:	attempted=71
	nnbr_gone=29
	wrong_partner=31
	npix_big=0
	merging=11
Wrote log band for pass 56

Auxiliary pass 57 completed
173484 regions remain after this pass
The minimum nearest neighbor distance on this pass was 7.483
The largest region generated on this pass contained 1033 pixels
The smallest normal region remaining after this pass contained 1 pixels
Normal merges:	attempted=60
	nnbr_gone=33
	wrong_partner=18
	npix_big=0
	merging=9
Wrote log band for pass 57

Auxiliary pass 58 completed
173476 regions remain after this pass
The minimum nearest neighbor distance on this pass was 7.487
The largest region generated on this pass contained 1035 pixels
The smallest normal region remaining after this pass contained 1 pixels
Normal merges:	attempted=51
	nnbr_gone=15
	wrong_partner=28
	npix_big=0
	merging=8
Wrote log band for pass 58

Auxiliary pass 59 completed
173469 regions remain after this pass
The minimum nearest neighbor distance on this pass was 7.845
The largest region generated on this pass contained 1036 pixels
The smallest normal region remaining after this pass contained 1 pixels
Normal merges:	attempted=43
	nnbr_gone=23
	wrong_partner=13
	npix_big=0
	merging=7
Wrote log band for pass 59

Auxiliary pass 60 completed
173463 regions remain after this pass
The minimum nearest neighbor distance on this pass was 8.047
The largest region generated on this pass contained 1038 pixels
The smallest normal region remaining after this pass contained 1 pixels
Normal merges:	attempted=36
	nnbr_gone=9
	wrong_partner=21
	npix_big=0
	merging=6
Wrote log band for pass 60

Auxiliary pass 61 completed
173458 regions remain after this pass
The minimum nearest neighbor distance on this pass was 9.531
The largest region generated on this pass contained 1038 pixels
The smallest normal region remaining after this pass contained 1 pixels
Normal merges:	attempted=30
	nnbr_gone=12
	wrong_partner=13
	npix_big=0
	merging=5
Wrote log band for pass 61

Auxiliary pass 62 completed
173453 regions remain after this pass
The minimum nearest neighbor distance on this pass was 9.825
The largest region generated on this pass contained 1038 pixels
The smallest normal region remaining after this pass contained 1 pixels
Normal merges:	attempted=25
	nnbr_gone=3
	wrong_partner=17
	npix_big=0
	merging=5
Wrote log band for pass 62

Auxiliary pass 63 completed
173449 regions remain after this pass
The minimum nearest neighbor distance on this pass was 9.866
The largest region generated on this pass contained 1038 pixels
The smallest normal region remaining after this pass contained 1 pixels
Normal merges:	attempted=20
	nnbr_gone=11
	wrong_partner=5
	npix_big=0
	merging=4
Wrote log band for pass 63

Auxiliary pass 64 completed
173445 regions remain after this pass
The minimum nearest neighbor distance on this pass was 10.840
The largest region generated on this pass contained 1038 pixels
The smallest normal region remaining after this pass contained 1 pixels
Normal merges:	attempted=16
	nnbr_gone=6
	wrong_partner=6
	npix_big=0
	merging=4
Wrote log band for pass 64

Auxiliary pass 65 completed
173442 regions remain after this pass
The minimum nearest neighbor distance on this pass was 12.867
The largest region generated on this pass contained 1038 pixels
The smallest normal region remaining after this pass contained 1 pixels
Normal merges:	attempted=12
	nnbr_gone=1
	wrong_partner=8
	npix_big=0
	merging=3
Wrote log band for pass 65

Auxiliary pass 66 completed
173439 regions remain after this pass
The minimum nearest neighbor distance on this pass was 15.209
The largest region generated on this pass contained 1038 pixels
The smallest normal region remaining after this pass contained 1 pixels
Normal merges:	attempted=9
	nnbr_gone=3
	wrong_partner=3
	npix_big=0
	merging=3
Wrote log band for pass 66

Auxiliary pass 67 completed
173437 regions remain after this pass
The minimum nearest neighbor distance on this pass was 15.895
The largest region generated on this pass contained 1038 pixels
The smallest normal region remaining after this pass contained 1 pixels
Normal merges:	attempted=6
	nnbr_gone=0
	wrong_partner=4
	npix_big=0
	merging=2
Wrote log band for pass 67

Auxiliary pass 68 completed
173436 regions remain after this pass
The minimum nearest neighbor distance on this pass was 16.602
The largest region generated on this pass contained 1038 pixels
The smallest normal region remaining after this pass contained 1 pixels
Normal merges:	attempted=4
	nnbr_gone=0
	wrong_partner=3
	npix_big=0
	merging=1
Wrote log band for pass 68

Auxiliary pass 69 completed
173435 regions remain after this pass
The minimum nearest neighbor distance on this pass was 18.583
The largest region generated on this pass contained 1038 pixels
The smallest normal region remaining after this pass contained 1 pixels
Normal merges:	attempted=3
	nnbr_gone=0
	wrong_partner=2
	npix_big=0
	merging=1
Wrote log band for pass 69

Auxiliary pass 70 completed
173434 regions remain after this pass
The minimum nearest neighbor distance on this pass was 19.488
The largest region generated on this pass contained 1038 pixels
The smallest normal region remaining after this pass contained 1 pixels
Normal merges:	attempted=2
	nnbr_gone=1
	wrong_partner=0
	npix_big=0
	merging=1
Wrote log band for pass 70

Auxiliary pass 71 completed
173433 regions remain after this pass
The minimum nearest neighbor distance on this pass was 23.914
The largest region generated on this pass contained 1038 pixels
The smallest normal region remaining after this pass contained 15 pixels
Normal merges:	attempted=1
	nnbr_gone=0
	wrong_partner=0
	npix_big=0
	merging=1
Wrote log band for pass 71

Auxiliary pass 72 completed
173433 regions remain after this pass
The largest region generated on this pass contained 1038 pixels
The smallest normal region remaining after this pass contained 15 pixels
Normal merges:	attempted=0
	nnbr_gone=0
	wrong_partner=0
	npix_big=0
	merging=0
Wrote log band for pass 72

Auxiliary segmentation complete in 72 passes
t10-m1-n15_15_100_2500_2500_myseg.alog.72 contains the final log file

Writing region map image
t10-m1-n15_15_100_2500_2500_myseg.armap.72 contains the final region map image

