Input file size is 19, 22
0...10...20...30...40...50...60...70...80...90...100 - done.
Segment: begining
Segment: after ipwenter
Segment: Checking neighbours
Segment: checking other arguments
Using uropen ...
Header file *../testsmall.bsq* exists!
---- gdal_translate -of ENVI -ot Byte -scale -co INTERLEAVE=BIP -co SUFFIX=ADD ../testsmall.bsq temp_bip
Conversion of bsq to bip: error code=0 
Header Bip file openned correctly!
Read metadata!
band_names={ROI Resize (Band 1:test.bsq),ROI Resize (Band 2:test.bsq),ROI Resize (Band 3:test.bsq),ROI Resize (Band 4:test.bsq)}
bands=4
byte_order=0
coordinate_system_string={PROJCS["WGS_1984_UTM_Zone_36N",GEOGCS["GCS_WGS_1984",DATUM["D_WGS_1984",SPHEROID["WGS_1984",637813..0,298.252223563]],PRIMEM["Greenwich",0.0],UNIT["Degree",0.017453292519943295]],PROJECTION["Transverse_Mercator"],PARAMETER["false_easting",50000.00],PARAMETER["false_northing",0.0],PARAMETER["central_meridian",3.00],PARAMETER["scale_factor",0.9996],PARAMETER["latitude_of_origin",0.0],UNIT["Meter",1]]}
data_type=1
description={temp_bip}
file_type=ENVI Standard
header_offset=0
interleave=bip
lines=22
map_info={Transverse Mercator, 1, 1, 636567, 6362970.5, 0.5, 0.5,WGS-84}
projection_info={3, 637813, 635674.4979215225, 0, 3, 50000, 0, 0.9996,WGS-84, Transverse Mercator}
samples=19
End of header_read function.
Input image has 4 bands, 19 samples, and 22 lines
The segmentation tolerance is 10.000000
The merge coefficient is 0.100000

Completed the calculation of pixel nearest neighbors
Initial pass over image completed
384 of a possible 418 regions are required

Predicted maximum memory usage in data segment:
	neighbor set:	20000
	image bands:	2772
	region list:	13896

Creating region list
Region list created

About to perform first general pass over region list

